SF:/Users/mehedimayall/PROJECTS/DotNet/Practice/UnitTesting/MovieStar/MovieStar.API/Program.cs
FN:4,System.Void Program::<Main>$(System.String[])
FNDA:0,System.Void Program::<Main>$(System.String[])
DA:5,0
DA:9,0
DA:10,0
DA:11,0
DA:14,0
DA:15,0
DA:16,0
DA:20,0
DA:21,0
DA:23,0
DA:26,0
DA:27,0
DA:28,0
DA:29,0
DA:30,0
DA:35,0
DA:37,0
BRDA:26,159,0,0
BRDA:26,159,1,0
LF:17
LH:0
BRF:2
BRH:0
FNF:1
FNH:0
end_of_record
SF:/Users/mehedimayall/PROJECTS/DotNet/Practice/UnitTesting/MovieStar/MovieStar.API/Controllers/BaseController.cs
FN:9,MovieStar.Core.Dto.SessionUserDto MovieStar.API.Controllers.BaseController::GetSessionUser()
FNDA:0,MovieStar.Core.Dto.SessionUserDto MovieStar.API.Controllers.BaseController::GetSessionUser()
DA:10,0
DA:11,0
DA:12,0
DA:13,0
DA:14,0
DA:15,0
DA:16,0
BRDA:11,17,0,0
BRDA:11,17,1,0
FN:18,Microsoft.AspNetCore.Mvc.IActionResult MovieStar.API.Controllers.BaseController::getResponse(System.Object)
FNDA:4,Microsoft.AspNetCore.Mvc.IActionResult MovieStar.API.Controllers.BaseController::getResponse(System.Object)
DA:19,4
DA:20,4
DA:21,4
FN:22,Microsoft.AspNetCore.Mvc.IActionResult MovieStar.API.Controllers.BaseController::getResponse(System.Exception)
FNDA:0,Microsoft.AspNetCore.Mvc.IActionResult MovieStar.API.Controllers.BaseController::getResponse(System.Exception)
DA:23,0
DA:24,0
DA:25,0
FN:27,System.String MovieStar.API.Controllers.BaseController::getErrorDetails(System.Exception)
FNDA:0,System.String MovieStar.API.Controllers.BaseController::getErrorDetails(System.Exception)
DA:28,0
DA:29,0
DA:30,0
DA:31,0
DA:32,0
DA:33,0
DA:34,0
BRDA:29,7,0,0
BRDA:29,7,1,0
BRDA:31,34,0,0
BRDA:31,34,1,0
BRDA:32,55,0,0
BRDA:32,55,1,0
BRDA:32,78,0,0
BRDA:32,78,1,0
LF:20
LH:3
BRF:10
BRH:0
FNF:4
FNH:1
end_of_record
SF:/Users/mehedimayall/PROJECTS/DotNet/Practice/UnitTesting/MovieStar/MovieStar.API/Controllers/UserController.cs
FN:9,System.Void MovieStar.API.Controllers.UserController::.ctor(MovieStar.Service.IUserService)
FNDA:4,System.Void MovieStar.API.Controllers.UserController::.ctor(MovieStar.Service.IUserService)
DA:10,4
DA:11,4
DA:12,4
DA:13,4
FN:26,System.Void MovieStar.API.Controllers.UserController/<GetUserByID>d__3::MoveNext()
FNDA:2,System.Void MovieStar.API.Controllers.UserController/<GetUserByID>d__3::MoveNext()
DA:27,2
DA:29,2
DA:30,2
DA:32,0
DA:33,2
FN:16,System.Void MovieStar.API.Controllers.UserController/<GetUserList>d__2::MoveNext()
FNDA:2,System.Void MovieStar.API.Controllers.UserController/<GetUserList>d__2::MoveNext()
DA:17,2
DA:19,2
DA:20,2
DA:22,0
DA:23,2
LF:14
LH:12
BRF:0
BRH:0
FNF:3
FNH:3
end_of_record
SF:/Users/mehedimayall/PROJECTS/DotNet/Practice/UnitTesting/MovieStar/MovieStar.Data/Repository/UserRepository.cs
FN:9,System.Void MovieStar.Data.UserRepository::.ctor(MovieStar.Core.Models.CharacterContext)
FNDA:2,System.Void MovieStar.Data.UserRepository::.ctor(MovieStar.Core.Models.CharacterContext)
DA:10,2
DA:11,2
DA:12,2
DA:13,2
FN:26,System.Void MovieStar.Data.UserRepository/<GetUserByID>d__3::MoveNext()
FNDA:1,System.Void MovieStar.Data.UserRepository/<GetUserByID>d__3::MoveNext()
DA:27,1
DA:29,1
DA:30,1
FN:15,System.Void MovieStar.Data.UserRepository/<GetUserList>d__2::MoveNext()
FNDA:1,System.Void MovieStar.Data.UserRepository/<GetUserList>d__2::MoveNext()
DA:16,1
DA:22,1
DA:24,1
FN:33,System.Void MovieStar.Data.UserRepository/<getUserByEmail>d__4::MoveNext()
FNDA:0,System.Void MovieStar.Data.UserRepository/<getUserByEmail>d__4::MoveNext()
DA:34,0
DA:35,0
DA:36,0
FN:38,System.Void MovieStar.Data.UserRepository/<save>d__5::MoveNext()
FNDA:0,System.Void MovieStar.Data.UserRepository/<save>d__5::MoveNext()
DA:39,0
DA:40,0
DA:41,0
DA:42,0
DA:43,0
LF:18
LH:10
BRF:0
BRH:0
FNF:5
FNH:3
end_of_record
SF:/Users/mehedimayall/PROJECTS/DotNet/Practice/UnitTesting/MovieStar/MovieStar.Core/Models/BaseModel.cs
FN:8,System.Boolean MovieStar.Core.Models.BaseModel::get_IsActive()
FNDA:20,System.Boolean MovieStar.Core.Models.BaseModel::get_IsActive()
DA:9,20
FN:12,System.Int32 MovieStar.Core.Models.BaseModel::get_CreatedByID()
FNDA:0,System.Int32 MovieStar.Core.Models.BaseModel::get_CreatedByID()
DA:13,0
FN:13,System.DateTime MovieStar.Core.Models.BaseModel::get_CreatedOn()
FNDA:20,System.DateTime MovieStar.Core.Models.BaseModel::get_CreatedOn()
DA:14,20
FN:15,System.Nullable`1<System.Int32> MovieStar.Core.Models.BaseModel::get_UpdatedByID()
FNDA:0,System.Nullable`1<System.Int32> MovieStar.Core.Models.BaseModel::get_UpdatedByID()
DA:16,0
FN:18,System.DateTime MovieStar.Core.Models.BaseModel::get_UpdatedOn()
FNDA:0,System.DateTime MovieStar.Core.Models.BaseModel::get_UpdatedOn()
DA:19,0
LF:5
LH:2
BRF:0
BRH:0
FNF:5
FNH:2
end_of_record
SF:/Users/mehedimayall/PROJECTS/DotNet/Practice/UnitTesting/MovieStar/MovieStar.Core/Models/Character.cs
FN:4,System.Int32 MovieStar.Core.Models.Character::get_Id()
FNDA:0,System.Int32 MovieStar.Core.Models.Character::get_Id()
DA:5,0
FN:5,System.String MovieStar.Core.Models.Character::get_CharacterName()
FNDA:0,System.String MovieStar.Core.Models.Character::get_CharacterName()
DA:6,0
FN:7,System.Int32 MovieStar.Core.Models.Character::get_HitPoints()
FNDA:0,System.Int32 MovieStar.Core.Models.Character::get_HitPoints()
DA:8,0
FN:8,System.Int32 MovieStar.Core.Models.Character::get_Strength()
FNDA:0,System.Int32 MovieStar.Core.Models.Character::get_Strength()
DA:9,0
FN:9,System.Int32 MovieStar.Core.Models.Character::get_Defense()
FNDA:0,System.Int32 MovieStar.Core.Models.Character::get_Defense()
DA:10,0
FN:10,System.Int32 MovieStar.Core.Models.Character::get_Intelligence()
FNDA:0,System.Int32 MovieStar.Core.Models.Character::get_Intelligence()
DA:11,0
FN:12,MovieStar.Core.Models.User MovieStar.Core.Models.Character::get_User()
FNDA:0,MovieStar.Core.Models.User MovieStar.Core.Models.Character::get_User()
DA:13,0
LF:7
LH:0
BRF:0
BRH:0
FNF:7
FNH:0
end_of_record
SF:/Users/mehedimayall/PROJECTS/DotNet/Practice/UnitTesting/MovieStar/MovieStar.Core/Models/CharacterContext.cs
FN:16,Microsoft.EntityFrameworkCore.DbSet`1<MovieStar.Core.Models.Character> MovieStar.Core.Models.CharacterContext::get_Characters()
FNDA:0,Microsoft.EntityFrameworkCore.DbSet`1<MovieStar.Core.Models.Character> MovieStar.Core.Models.CharacterContext::get_Characters()
DA:17,0
FN:17,Microsoft.EntityFrameworkCore.DbSet`1<MovieStar.Core.Models.Movie> MovieStar.Core.Models.CharacterContext::get_Movies()
FNDA:0,Microsoft.EntityFrameworkCore.DbSet`1<MovieStar.Core.Models.Movie> MovieStar.Core.Models.CharacterContext::get_Movies()
DA:18,0
FN:18,Microsoft.EntityFrameworkCore.DbSet`1<MovieStar.Core.Models.Country> MovieStar.Core.Models.CharacterContext::get_Countries()
FNDA:0,Microsoft.EntityFrameworkCore.DbSet`1<MovieStar.Core.Models.Country> MovieStar.Core.Models.CharacterContext::get_Countries()
DA:19,0
FN:19,Microsoft.EntityFrameworkCore.DbSet`1<MovieStar.Core.Models.User> MovieStar.Core.Models.CharacterContext::get_Users()
FNDA:2,Microsoft.EntityFrameworkCore.DbSet`1<MovieStar.Core.Models.User> MovieStar.Core.Models.CharacterContext::get_Users()
DA:20,2
FN:25,System.Void MovieStar.Core.Models.CharacterContext::OnModelCreating(Microsoft.EntityFrameworkCore.ModelBuilder)
FNDA:1,System.Void MovieStar.Core.Models.CharacterContext::OnModelCreating(Microsoft.EntityFrameworkCore.ModelBuilder)
DA:26,1
DA:29,1
DA:38,1
DA:39,1
DA:40,1
DA:44,1
DA:45,1
DA:46,1
DA:47,1
DA:48,1
DA:52,1
DA:53,1
DA:54,1
DA:60,1
DA:61,1
DA:62,1
DA:63,1
DA:64,1
DA:68,1
FN:8,System.Void MovieStar.Core.Models.CharacterContext::.ctor(Microsoft.EntityFrameworkCore.DbContextOptions`1<MovieStar.Core.Models.CharacterContext>)
FNDA:2,System.Void MovieStar.Core.Models.CharacterContext::.ctor(Microsoft.EntityFrameworkCore.DbContextOptions`1<MovieStar.Core.Models.CharacterContext>)
DA:9,2
DA:10,2
DA:13,2
LF:26
LH:23
BRF:0
BRH:0
FNF:6
FNH:3
end_of_record
SF:/Users/mehedimayall/PROJECTS/DotNet/Practice/UnitTesting/MovieStar/MovieStar.Core/Models/Country.cs
FN:4,System.Int32 MovieStar.Core.Models.Country::get_Id()
FNDA:0,System.Int32 MovieStar.Core.Models.Country::get_Id()
DA:5,0
FN:5,System.String MovieStar.Core.Models.Country::get_CountryName()
FNDA:0,System.String MovieStar.Core.Models.Country::get_CountryName()
DA:6,0
FN:7,System.Collections.Generic.List`1<MovieStar.Core.Models.Movie> MovieStar.Core.Models.Country::get_Movies()
FNDA:0,System.Collections.Generic.List`1<MovieStar.Core.Models.Movie> MovieStar.Core.Models.Country::get_Movies()
DA:8,0
LF:3
LH:0
BRF:0
BRH:0
FNF:3
FNH:0
end_of_record
SF:/Users/mehedimayall/PROJECTS/DotNet/Practice/UnitTesting/MovieStar/MovieStar.Core/Models/Movie.cs
FN:4,System.Int32 MovieStar.Core.Models.Movie::get_Id()
FNDA:0,System.Int32 MovieStar.Core.Models.Movie::get_Id()
DA:5,0
FN:5,System.String MovieStar.Core.Models.Movie::get_Name()
FNDA:0,System.String MovieStar.Core.Models.Movie::get_Name()
DA:6,0
FN:6,System.DateTime MovieStar.Core.Models.Movie::get_ReleasedDate()
FNDA:0,System.DateTime MovieStar.Core.Models.Movie::get_ReleasedDate()
DA:7,0
FN:8,System.Int32 MovieStar.Core.Models.Movie::get_CountryID()
FNDA:0,System.Int32 MovieStar.Core.Models.Movie::get_CountryID()
DA:9,0
FN:10,MovieStar.Core.Models.User MovieStar.Core.Models.Movie::get_User()
FNDA:0,MovieStar.Core.Models.User MovieStar.Core.Models.Movie::get_User()
DA:11,0
LF:5
LH:0
BRF:0
BRH:0
FNF:5
FNH:0
end_of_record
SF:/Users/mehedimayall/PROJECTS/DotNet/Practice/UnitTesting/MovieStar/MovieStar.Core/Models/MovieCharacter.cs
FN:4,System.Int32 MovieStar.Core.Models.MovieCharacter::get_Id()
FNDA:0,System.Int32 MovieStar.Core.Models.MovieCharacter::get_Id()
DA:5,0
FN:5,System.Int32 MovieStar.Core.Models.MovieCharacter::get_MovieID()
FNDA:0,System.Int32 MovieStar.Core.Models.MovieCharacter::get_MovieID()
DA:6,0
FN:6,System.Int32 MovieStar.Core.Models.MovieCharacter::get_CharacterID()
FNDA:0,System.Int32 MovieStar.Core.Models.MovieCharacter::get_CharacterID()
DA:7,0
LF:3
LH:0
BRF:0
BRH:0
FNF:3
FNH:0
end_of_record
SF:/Users/mehedimayall/PROJECTS/DotNet/Practice/UnitTesting/MovieStar/MovieStar.Core/Models/User.cs
FN:5,System.Int32 MovieStar.Core.Models.User::get_Id()
FNDA:25,System.Int32 MovieStar.Core.Models.User::get_Id()
DA:6,25
FN:6,System.String MovieStar.Core.Models.User::get_FirstName()
FNDA:38,System.String MovieStar.Core.Models.User::get_FirstName()
DA:7,38
FN:7,System.String MovieStar.Core.Models.User::get_LastName()
FNDA:20,System.String MovieStar.Core.Models.User::get_LastName()
DA:8,20
FN:8,System.String MovieStar.Core.Models.User::get_Email()
FNDA:42,System.String MovieStar.Core.Models.User::get_Email()
DA:9,42
FN:9,System.Byte[] MovieStar.Core.Models.User::get_PasswordHash()
FNDA:20,System.Byte[] MovieStar.Core.Models.User::get_PasswordHash()
DA:10,20
FN:10,System.Byte[] MovieStar.Core.Models.User::get_PasswordSalt()
FNDA:20,System.Byte[] MovieStar.Core.Models.User::get_PasswordSalt()
DA:11,20
FN:12,System.Collections.Generic.List`1<MovieStar.Core.Models.Character> MovieStar.Core.Models.User::get_Characters()
FNDA:0,System.Collections.Generic.List`1<MovieStar.Core.Models.Character> MovieStar.Core.Models.User::get_Characters()
DA:13,0
FN:13,System.Collections.Generic.List`1<MovieStar.Core.Models.Movie> MovieStar.Core.Models.User::get_Movies()
FNDA:0,System.Collections.Generic.List`1<MovieStar.Core.Models.Movie> MovieStar.Core.Models.User::get_Movies()
DA:14,0
LF:8
LH:6
BRF:0
BRH:0
FNF:8
FNH:6
end_of_record
SF:/Users/mehedimayall/PROJECTS/DotNet/Practice/UnitTesting/MovieStar/MovieStar.Core/Dto/CharacterAddDto.cs
FN:6,System.String MovieStar.Core.Dto.CharacterAddDto::get_CharacterName()
FNDA:0,System.String MovieStar.Core.Dto.CharacterAddDto::get_CharacterName()
DA:7,0
FN:7,System.Int32 MovieStar.Core.Dto.CharacterAddDto::get_HitPoints()
FNDA:0,System.Int32 MovieStar.Core.Dto.CharacterAddDto::get_HitPoints()
DA:8,0
FN:8,System.Int32 MovieStar.Core.Dto.CharacterAddDto::get_Strength()
FNDA:0,System.Int32 MovieStar.Core.Dto.CharacterAddDto::get_Strength()
DA:9,0
FN:9,System.Int32 MovieStar.Core.Dto.CharacterAddDto::get_Defense()
FNDA:0,System.Int32 MovieStar.Core.Dto.CharacterAddDto::get_Defense()
DA:10,0
FN:10,System.Int32 MovieStar.Core.Dto.CharacterAddDto::get_Intelligence()
FNDA:0,System.Int32 MovieStar.Core.Dto.CharacterAddDto::get_Intelligence()
DA:11,0
FN:12,System.Int32 MovieStar.Core.Dto.CharacterAddDto::get_CreatedByID()
FNDA:0,System.Int32 MovieStar.Core.Dto.CharacterAddDto::get_CreatedByID()
DA:13,0
LF:6
LH:0
BRF:0
BRH:0
FNF:6
FNH:0
end_of_record
SF:/Users/mehedimayall/PROJECTS/DotNet/Practice/UnitTesting/MovieStar/MovieStar.Core/Dto/CharacterDto.cs
FN:4,System.Int32 MovieStar.Core.Dto.CharacterDto::get_Id()
FNDA:0,System.Int32 MovieStar.Core.Dto.CharacterDto::get_Id()
DA:5,0
FN:5,System.String MovieStar.Core.Dto.CharacterDto::get_CharacterName()
FNDA:0,System.String MovieStar.Core.Dto.CharacterDto::get_CharacterName()
DA:6,0
FN:6,System.Int32 MovieStar.Core.Dto.CharacterDto::get_HitPoints()
FNDA:0,System.Int32 MovieStar.Core.Dto.CharacterDto::get_HitPoints()
DA:7,0
FN:7,System.Int32 MovieStar.Core.Dto.CharacterDto::get_Strength()
FNDA:0,System.Int32 MovieStar.Core.Dto.CharacterDto::get_Strength()
DA:8,0
FN:8,System.Int32 MovieStar.Core.Dto.CharacterDto::get_Defense()
FNDA:0,System.Int32 MovieStar.Core.Dto.CharacterDto::get_Defense()
DA:9,0
FN:9,System.Int32 MovieStar.Core.Dto.CharacterDto::get_Intelligence()
FNDA:0,System.Int32 MovieStar.Core.Dto.CharacterDto::get_Intelligence()
DA:10,0
FN:10,System.String MovieStar.Core.Dto.CharacterDto::get_CreatedByID()
FNDA:0,System.String MovieStar.Core.Dto.CharacterDto::get_CreatedByID()
DA:11,0
LF:7
LH:0
BRF:0
BRH:0
FNF:7
FNH:0
end_of_record
SF:/Users/mehedimayall/PROJECTS/DotNet/Practice/UnitTesting/MovieStar/MovieStar.Core/Dto/ResponseDto.cs
FN:4,System.String MovieStar.Core.Dto.ResponseDto::get_Status()
FNDA:4,System.String MovieStar.Core.Dto.ResponseDto::get_Status()
DA:5,4
FN:5,System.String MovieStar.Core.Dto.ResponseDto::get_Message()
FNDA:5,System.String MovieStar.Core.Dto.ResponseDto::get_Message()
DA:6,5
FN:7,System.Object MovieStar.Core.Dto.ResponseDto::get_Data()
FNDA:9,System.Object MovieStar.Core.Dto.ResponseDto::get_Data()
DA:8,9
LF:3
LH:3
BRF:0
BRH:0
FNF:3
FNH:3
end_of_record
SF:/Users/mehedimayall/PROJECTS/DotNet/Practice/UnitTesting/MovieStar/MovieStar.Core/Dto/User/LoginDto.cs
FN:7,System.String MovieStar.Core.Dto.LoginDto::get_Email()
FNDA:0,System.String MovieStar.Core.Dto.LoginDto::get_Email()
DA:8,0
FN:11,System.String MovieStar.Core.Dto.LoginDto::get_Password()
FNDA:0,System.String MovieStar.Core.Dto.LoginDto::get_Password()
DA:12,0
LF:2
LH:0
BRF:0
BRH:0
FNF:2
FNH:0
end_of_record
SF:/Users/mehedimayall/PROJECTS/DotNet/Practice/UnitTesting/MovieStar/MovieStar.Core/Dto/User/LoginResponseDto.cs
FN:3,System.String MovieStar.Core.Dto.LoginResponseDto::get_token()
FNDA:0,System.String MovieStar.Core.Dto.LoginResponseDto::get_token()
DA:4,0
FN:4,MovieStar.Core.Dto.UserDto MovieStar.Core.Dto.LoginResponseDto::get_user()
FNDA:0,MovieStar.Core.Dto.UserDto MovieStar.Core.Dto.LoginResponseDto::get_user()
DA:5,0
LF:2
LH:0
BRF:0
BRH:0
FNF:2
FNH:0
end_of_record
SF:/Users/mehedimayall/PROJECTS/DotNet/Practice/UnitTesting/MovieStar/MovieStar.Core/Dto/User/SessionUserDto.cs
FN:3,System.Int32 MovieStar.Core.Dto.SessionUserDto::get_Id()
FNDA:0,System.Int32 MovieStar.Core.Dto.SessionUserDto::get_Id()
DA:4,0
FN:4,System.String MovieStar.Core.Dto.SessionUserDto::get_Email()
FNDA:0,System.String MovieStar.Core.Dto.SessionUserDto::get_Email()
DA:5,0
LF:2
LH:0
BRF:0
BRH:0
FNF:2
FNH:0
end_of_record
SF:/Users/mehedimayall/PROJECTS/DotNet/Practice/UnitTesting/MovieStar/MovieStar.Core/Dto/User/UserAddDto.cs
FN:7,System.String MovieStar.Core.Dto.UserAddDto::get_FirstName()
FNDA:0,System.String MovieStar.Core.Dto.UserAddDto::get_FirstName()
DA:8,0
FN:11,System.String MovieStar.Core.Dto.UserAddDto::get_LastName()
FNDA:0,System.String MovieStar.Core.Dto.UserAddDto::get_LastName()
DA:12,0
FN:15,System.String MovieStar.Core.Dto.UserAddDto::get_Email()
FNDA:0,System.String MovieStar.Core.Dto.UserAddDto::get_Email()
DA:16,0
FN:19,System.String MovieStar.Core.Dto.UserAddDto::get_Password()
FNDA:0,System.String MovieStar.Core.Dto.UserAddDto::get_Password()
DA:20,0
LF:4
LH:0
BRF:0
BRH:0
FNF:4
FNH:0
end_of_record
SF:/Users/mehedimayall/PROJECTS/DotNet/Practice/UnitTesting/MovieStar/MovieStar.Core/Dto/User/UserDto.cs
FN:3,System.Int32 MovieStar.Core.Dto.UserDto::get_Id()
FNDA:0,System.Int32 MovieStar.Core.Dto.UserDto::get_Id()
DA:4,0
FN:4,System.String MovieStar.Core.Dto.UserDto::get_FirstName()
FNDA:0,System.String MovieStar.Core.Dto.UserDto::get_FirstName()
DA:5,0
FN:5,System.String MovieStar.Core.Dto.UserDto::get_LastName()
FNDA:0,System.String MovieStar.Core.Dto.UserDto::get_LastName()
DA:6,0
FN:6,System.String MovieStar.Core.Dto.UserDto::get_Email()
FNDA:0,System.String MovieStar.Core.Dto.UserDto::get_Email()
DA:7,0
FN:7,System.String MovieStar.Core.Dto.UserDto::get_CreatedByID()
FNDA:0,System.String MovieStar.Core.Dto.UserDto::get_CreatedByID()
DA:8,0
FN:8,System.DateTime MovieStar.Core.Dto.UserDto::get_CreatedOn()
FNDA:0,System.DateTime MovieStar.Core.Dto.UserDto::get_CreatedOn()
DA:9,0
FN:9,System.Collections.Generic.List`1<MovieStar.Core.Dto.CharacterDto> MovieStar.Core.Dto.UserDto::get_Characters()
FNDA:0,System.Collections.Generic.List`1<MovieStar.Core.Dto.CharacterDto> MovieStar.Core.Dto.UserDto::get_Characters()
DA:10,0
LF:7
LH:0
BRF:0
BRH:0
FNF:7
FNH:0
end_of_record
SF:/Users/mehedimayall/PROJECTS/DotNet/Practice/UnitTesting/MovieStar/MovieStar.Services/UserService.cs
FN:10,System.Void MovieStar.Service.UserService::.ctor(MovieStar.Data.IUserRepository)
FNDA:5,System.Void MovieStar.Service.UserService::.ctor(MovieStar.Data.IUserRepository)
DA:11,5
DA:12,5
DA:13,5
DA:14,5
FN:19,System.Void MovieStar.Service.UserService/<GetUserByID>d__3::MoveNext()
FNDA:2,System.Void MovieStar.Service.UserService/<GetUserByID>d__3::MoveNext()
DA:20,2
DA:21,2
DA:22,2
FN:15,System.Void MovieStar.Service.UserService/<GetUserList>d__2::MoveNext()
FNDA:2,System.Void MovieStar.Service.UserService/<GetUserList>d__2::MoveNext()
DA:16,2
DA:17,2
DA:18,2
LF:10
LH:10
BRF:0
BRH:0
FNF:3
FNH:3
end_of_record